{
  "stats": {
    "suites": 2,
    "tests": 3,
    "passes": 3,
    "pending": 0,
    "failures": 0,
    "start": "2024-08-15T00:32:11.671Z",
    "end": "2024-08-15T00:32:13.172Z",
    "duration": 1501,
    "testsRegistered": 3,
    "passPercent": 100,
    "pendingPercent": 0,
    "other": 0,
    "hasOther": false,
    "skipped": 0,
    "hasSkipped": false
  },
  "results": [
    {
      "uuid": "4a69821b-6c2f-4e6f-954b-15ce5fc02a94",
      "title": "",
      "fullFile": "",
      "file": "",
      "beforeHooks": [],
      "afterHooks": [],
      "tests": [],
      "suites": [
        {
          "uuid": "e1a9c643-9b11-4aff-bc7a-74acfd2b5364",
          "title": "API Test for restful-api.dev",
          "fullFile": "D:\\latihanAPIAJA\\test\\test-demo.js",
          "file": "\\test\\test-demo.js",
          "beforeHooks": [],
          "afterHooks": [],
          "tests": [
            {
              "title": "Test - GET All Objects",
              "fullTitle": "API Test for restful-api.dev Test - GET All Objects",
              "timedOut": false,
              "duration": 738,
              "state": "passed",
              "speed": "slow",
              "pass": true,
              "fail": false,
              "pending": false,
              "context": null,
              "code": "const response = await request(BASE_URL)\n.get('objects')\n//Assertion\nassert.equal(response.statusCode, 200)\nassert.equal(response.body[0].name, 'Google Pixel 6 Pro');\nassert.equal(response.body[0].data.color, 'Cloudy White');",
              "err": {},
              "uuid": "83591eb4-3cbb-458d-b166-1457f1c01d52",
              "parentUUID": "e1a9c643-9b11-4aff-bc7a-74acfd2b5364",
              "isHook": false,
              "skipped": false
            },
            {
              "title": "Test - POST Store Objects",
              "fullTitle": "API Test for restful-api.dev Test - POST Store Objects",
              "timedOut": false,
              "duration": 402,
              "state": "passed",
              "speed": "slow",
              "pass": true,
              "fail": false,
              "pending": false,
              "context": null,
              "code": "const body = {\n    \"name\": \"Apple MacBook Pro 16\",\n    \"data\": {\n       \"year\": 2019,\n       \"price\": 1849.99,\n       \"CPU model\": \"Intel Core i9\",\n       \"Hard disk size\": \"1 TB\"\n    }\n };\nconst response = await request(BASE_URL)\n.post('objects')\n.send(body);\nassert.equal(response.statusCode, 200);\nassert.equal(response.body.name, 'Apple MacBook Pro 16');\nassert.equal(response.body.data.year, 2019);\n\nconst schemaFolder = 'resources/jsonSchema/post-object-schema.json'\nconst jsonSchema = JSON.parse(fs.readFileSync(schemaFolder, 'utf-8'))\nassert.jsonSchema(response.body, jsonSchema);",
              "err": {},
              "uuid": "9e15184b-de79-40b9-95cc-82e1d6a1a294",
              "parentUUID": "e1a9c643-9b11-4aff-bc7a-74acfd2b5364",
              "isHook": false,
              "skipped": false
            }
          ],
          "suites": [],
          "passes": [
            "83591eb4-3cbb-458d-b166-1457f1c01d52",
            "9e15184b-de79-40b9-95cc-82e1d6a1a294"
          ],
          "failures": [],
          "pending": [],
          "skipped": [],
          "duration": 1140,
          "root": false,
          "rootEmpty": false,
          "_timeout": 2000
        },
        {
          "uuid": "27daba07-5f0e-4c79-ab1c-b808ed745cd6",
          "title": "Test - Global Scope Variable",
          "fullFile": "D:\\latihanAPIAJA\\test\\test-demo.js",
          "file": "\\test\\test-demo.js",
          "beforeHooks": [],
          "afterHooks": [],
          "tests": [
            {
              "title": "This must be return get data",
              "fullTitle": "Test - Global Scope Variable This must be return get data",
              "timedOut": false,
              "duration": 343,
              "state": "passed",
              "speed": "slow",
              "pass": true,
              "fail": false,
              "pending": false,
              "context": null,
              "code": "const response = await request(BASE_URL)\n.get('objects')",
              "err": {},
              "uuid": "cfcef2f9-4b78-4a35-a104-4433073dec77",
              "parentUUID": "27daba07-5f0e-4c79-ab1c-b808ed745cd6",
              "isHook": false,
              "skipped": false
            }
          ],
          "suites": [],
          "passes": [
            "cfcef2f9-4b78-4a35-a104-4433073dec77"
          ],
          "failures": [],
          "pending": [],
          "skipped": [],
          "duration": 343,
          "root": false,
          "rootEmpty": false,
          "_timeout": 2000
        }
      ],
      "passes": [],
      "failures": [],
      "pending": [],
      "skipped": [],
      "duration": 0,
      "root": true,
      "rootEmpty": true,
      "_timeout": 2000
    }
  ],
  "meta": {
    "mocha": {
      "version": "10.7.3"
    },
    "mochawesome": {
      "options": {
        "quiet": false,
        "reportFilename": "mochawesome",
        "saveHtml": true,
        "saveJson": true,
        "consoleReporter": "spec",
        "useInlineDiffs": false,
        "code": true
      },
      "version": "7.1.3"
    },
    "marge": {
      "options": null,
      "version": "6.2.0"
    }
  }
}